Traceback (most recent call last):
  File "filtered_Chembl_dataset.py", line 80, in <module>
    lines_1 = random.sample(lines,5000000)
  File "/home/chengchengzhao/anaconda3/envs/my_mcmg/lib/python3.8/random.py", line 363, in sample
    raise ValueError("Sample larger than population or is negative")
ValueError: Sample larger than population or is negative
[15:17:57] Explicit valence for atom # 3 B, 4, is greater than permitted
[15:18:00] Explicit valence for atom # 3 B, 5, is greater than permitted
[15:18:01] Explicit valence for atom # 13 B, 5, is greater than permitted
[15:18:09] Explicit valence for atom # 0 B, 5, is greater than permitted
[15:18:16] Explicit valence for atom # 14 B, 5, is greater than permitted
[15:18:27] Explicit valence for atom # 4 B, 5, is greater than permitted
[15:18:33] Explicit valence for atom # 0 B, 5, is greater than permitted
[15:18:34] Explicit valence for atom # 42 B, 5, is greater than permitted
[15:18:36] Explicit valence for atom # 3 B, 5, is greater than permitted
[15:18:38] Explicit valence for atom # 8 B, 5, is greater than permitted
[15:18:40] Explicit valence for atom # 16 B, 5, is greater than permitted
[15:18:42] Explicit valence for atom # 10 B, 5, is greater than permitted
[15:18:46] Explicit valence for atom # 0 B, 5, is greater than permitted
[15:18:47] Explicit valence for atom # 0 B, 5, is greater than permitted
[15:18:50] Explicit valence for atom # 2 B, 5, is greater than permitted
[15:18:52] Explicit valence for atom # 3 B, 5, is greater than permitted
[15:19:04] Explicit valence for atom # 37 B, 5, is greater than permitted
[15:19:16] Explicit valence for atom # 1 B, 4, is greater than permitted
[15:19:31] Explicit valence for atom # 4 B, 5, is greater than permitted
[15:19:31] Explicit valence for atom # 5 B, 5, is greater than permitted
[15:19:35] Explicit valence for atom # 0 B, 5, is greater than permitted
[15:19:38] Explicit valence for atom # 0 B, 5, is greater than permitted
[15:19:56] Explicit valence for atom # 21 B, 5, is greater than permitted
[15:19:57] Explicit valence for atom # 8 B, 5, is greater than permitted
[15:19:59] Explicit valence for atom # 8 B, 5, is greater than permitted
[15:20:03] Explicit valence for atom # 1 B, 5, is greater than permitted
[15:20:10] Explicit valence for atom # 1 B, 5, is greater than permitted
[15:20:47] Explicit valence for atom # 0 B, 5, is greater than permitted
[15:20:53] Explicit valence for atom # 3 B, 5, is greater than permitted
[15:20:58] Explicit valence for atom # 31 B, 5, is greater than permitted
[15:21:01] Explicit valence for atom # 20 B, 5, is greater than permitted
[15:21:14] Explicit valence for atom # 4 B, 5, is greater than permitted
